<?xml version="1.0" encoding="UTF-8"?>
<!-- Generated by org.testng.reporters.JUnitXMLReporter -->
<testsuite hostname="DESKTOP-H0N65GH" ignored="0" name="Title_Validation Test" tests="2" failures="1" timestamp="2020-08-07T01:23:38 EDT" time="12.253" errors="0">
  <testcase name="TitleTest" time="0.131" classname="academy.validateTitleTest">
    <failure type="java.lang.AssertionError" message="expected [FEATURED COURSES] but found [FEATURED COURSES---123]">
      <![CDATA[java.lang.AssertionError: expected [FEATURED COURSES] but found [FEATURED COURSES---123]
at academy.validateTitleTest.TitleTest(validateTitleTest.java:36)
at java.util.ArrayList.forEach(Unknown Source)
at java.util.concurrent.FutureTask.run(Unknown Source)
at java.util.concurrent.ThreadPoolExecutor.runWorker(Unknown Source)
at java.util.concurrent.ThreadPoolExecutor$Worker.run(Unknown Source)
at java.lang.Thread.run(Unknown Source)
... Removed 23 stack frames]]>
    </failure>
  </testcase> <!-- TitleTest -->
  <testcase name="navBarValidation" time="0.143" classname="academy.validateNavBarTest2"/>
</testsuite> <!-- Title_Validation Test -->
